<?xml version="1.0" encoding="UTF-8"?>
<testng-results skipped="0" failed="0" ignored="0" total="1" passed="1">
  <reporter-output>
  </reporter-output>
  <suite name="Default suite" duration-ms="10738" started-at="2018-04-27T01:43:02Z" finished-at="2018-04-27T01:43:13Z">
    <groups>
    </groups>
    <test name="Default test" duration-ms="10738" started-at="2018-04-27T01:43:02Z" finished-at="2018-04-27T01:43:13Z">
      <class name="girmiti.seleniummavenproject.DragAndDropExample">
        <test-method status="PASS" signature="dragAndDrop()[pri:0, instance:girmiti.seleniummavenproject.DragAndDropExample@4d3167f4]" name="dragAndDrop" duration-ms="10707" started-at="2018-04-27T01:43:02Z" finished-at="2018-04-27T01:43:13Z">
          <reporter-output>
          </reporter-output>
        </test-method> <!-- dragAndDrop -->
      </class> <!-- girmiti.seleniummavenproject.DragAndDropExample -->
    </test> <!-- Default test -->
  </suite> <!-- Default suite -->
</testng-results>
